0 info it worked if it ends with ok
1 verbose cli [ '/usr/local/bin/node', '/usr/local/bin/npm', 'publish' ]
2 info using npm@3.3.12
3 info using node@v5.1.1
4 verbose publish [ '.' ]
5 silly cache add args [ '.', null ]
6 verbose cache add spec .
7 silly cache add parsed spec Result {
7 silly cache add   raw: '.',
7 silly cache add   scope: null,
7 silly cache add   name: null,
7 silly cache add   rawSpec: '.',
7 silly cache add   spec: '/Users/andreasoldino/dev/ws/ng2-starter-webpack',
7 silly cache add   type: 'directory' }
8 verbose addLocalDirectory /Users/andreasoldino/.npm/ng2-starter-webpack/0.0.9/package.tgz not in flight; packing
9 info lifecycle ng2-starter-webpack@0.0.9~prepublish: ng2-starter-webpack@0.0.9
10 silly lifecycle ng2-starter-webpack@0.0.9~prepublish: no script for prepublish, continuing
11 verbose tar pack [ '/Users/andreasoldino/.npm/ng2-starter-webpack/0.0.9/package.tgz',
11 verbose tar pack   '/Users/andreasoldino/dev/ws/ng2-starter-webpack' ]
12 verbose tarball /Users/andreasoldino/.npm/ng2-starter-webpack/0.0.9/package.tgz
13 verbose folder /Users/andreasoldino/dev/ws/ng2-starter-webpack
14 verbose addLocalTarball adding from inside cache /Users/andreasoldino/.npm/ng2-starter-webpack/0.0.9/package.tgz
15 silly cache afterAdd ng2-starter-webpack@0.0.9
16 verbose afterAdd /Users/andreasoldino/.npm/ng2-starter-webpack/0.0.9/package/package.json not in flight; writing
17 verbose afterAdd /Users/andreasoldino/.npm/ng2-starter-webpack/0.0.9/package/package.json written
18 silly publish { name: 'ng2-starter-webpack',
18 silly publish   version: '0.0.9',
18 silly publish   description: 'Set of gulp predefined tasks and dependencies to work with Angular2 and Typescript with Webpack',
18 silly publish   main: 'index.js',
18 silly publish   scripts: { test: 'nodeunit test.js' },
18 silly publish   repository:
18 silly publish    { type: 'git',
18 silly publish      url: 'git+https://github.com/asoldino/ng2-starter-webpack.git' },
18 silly publish   keywords: [ 'angular2', 'webpack', 'starter', 'typescript', 'gulp' ],
18 silly publish   author: { name: 'Andrea Soldino' },
18 silly publish   license: 'MIT',
18 silly publish   bugs: { url: 'https://github.com/asoldino/ng2-starter-webpack/issues' },
18 silly publish   homepage: 'https://github.com/asoldino/ng2-starter-webpack#readme',
18 silly publish   dependencies:
18 silly publish    { 'es6-promise': '^3.0.2',
18 silly publish      'es6-shim': '^0.34.2',
18 silly publish      'es7-reflect-metadata': '^1.5.5',
18 silly publish      gulp: '^3.9.0',
18 silly publish      'gulp-util': '^3.0.7',
18 silly publish      'html-loader': '^0.4.0',
18 silly publish      'html-webpack-plugin': '^2.7.2',
18 silly publish      'istanbul-instrumenter-loader': '^0.1.3',
18 silly publish      jasmine: '^2.4.1',
18 silly publish      karma: '^0.13.19',
18 silly publish      'karma-coverage': '^0.5.3',
18 silly publish      'karma-jasmine': '^0.3.6',
18 silly publish      'karma-phantomjs-launcher': '^1.0.0',
18 silly publish      'karma-sourcemap-loader': '^0.3.7',
18 silly publish      'karma-webpack': '^1.7.0',
18 silly publish      lodash: '^4.0.1',
18 silly publish      'phantomjs-polyfill': '0.0.1',
18 silly publish      'phantomjs-prebuilt': '^2.1.3',
18 silly publish      'source-map-loader': '^0.1.5',
18 silly publish      'ts-loader': '^0.8.0',
18 silly publish      tslint: '^3.3.0',
18 silly publish      'tslint-loader': '^2.1.0',
18 silly publish      webpack: '^1.12.12',
18 silly publish      'webpack-dev-server': '^1.14.1',
18 silly publish      'zone.js': '0.5.10' },
18 silly publish   devDependencies: { nodeunit: '^0.9.1' },
18 silly publish   readme: '# ng2-starter-webpack\nSet of gulp predefined tasks and dependencies to work with Angular2 and Typescript with Webpack\n',
18 silly publish   readmeFilename: 'README.md',
18 silly publish   gitHead: '44958190092897ff368194bc065ef36f82b9269f',
18 silly publish   _id: 'ng2-starter-webpack@0.0.9',
18 silly publish   _shasum: '407281066b7ccde3ed3d79eece4c3dc73c3359d0',
18 silly publish   _from: '.' }
19 verbose getPublishConfig undefined
20 silly mapToRegistry name ng2-starter-webpack
21 silly mapToRegistry using default registry
22 silly mapToRegistry registry https://registry.npmjs.org/
23 silly mapToRegistry uri https://registry.npmjs.org/ng2-starter-webpack
24 verbose publish registryBase https://registry.npmjs.org/
25 silly publish uploading /Users/andreasoldino/.npm/ng2-starter-webpack/0.0.9/package.tgz
26 verbose request uri https://registry.npmjs.org/ng2-starter-webpack
27 verbose request sending authorization for write operation
28 info attempt registry request try #1 at 4:22:18 PM
29 verbose request using bearer token for auth
30 verbose request id b73c93656987ae55
31 http request PUT https://registry.npmjs.org/ng2-starter-webpack
32 http 403 https://registry.npmjs.org/ng2-starter-webpack
33 verbose headers { 'content-type': 'application/json',
33 verbose headers   'cache-control': 'max-age=300',
33 verbose headers   'content-length': '95',
33 verbose headers   'accept-ranges': 'bytes',
33 verbose headers   date: 'Fri, 29 Jan 2016 15:22:20 GMT',
33 verbose headers   via: '1.1 varnish',
33 verbose headers   connection: 'keep-alive',
33 verbose headers   'x-served-by': 'cache-ams4124-AMS',
33 verbose headers   'x-cache': 'MISS',
33 verbose headers   'x-cache-hits': '0',
33 verbose headers   'x-timer': 'S1454080939.653617,VS0,VE1129' }
34 verbose request invalidating /Users/andreasoldino/.npm/registry.npmjs.org/ng2-starter-webpack on PUT
35 error publish Failed PUT 403
36 verbose stack Error: "You cannot publish over the previously published version 0.0.9." : ng2-starter-webpack
36 verbose stack     at makeError (/usr/local/lib/node_modules/npm/node_modules/npm-registry-client/lib/request.js:264:12)
36 verbose stack     at CachingRegistryClient.<anonymous> (/usr/local/lib/node_modules/npm/node_modules/npm-registry-client/lib/request.js:252:14)
36 verbose stack     at Request._callback (/usr/local/lib/node_modules/npm/node_modules/npm-registry-client/lib/request.js:172:14)
36 verbose stack     at Request.self.callback (/usr/local/lib/node_modules/npm/node_modules/request/request.js:198:22)
36 verbose stack     at emitTwo (events.js:87:13)
36 verbose stack     at Request.emit (events.js:172:7)
36 verbose stack     at Request.<anonymous> (/usr/local/lib/node_modules/npm/node_modules/request/request.js:1082:10)
36 verbose stack     at emitOne (events.js:82:20)
36 verbose stack     at Request.emit (events.js:169:7)
36 verbose stack     at IncomingMessage.<anonymous> (/usr/local/lib/node_modules/npm/node_modules/request/request.js:1009:12)
37 verbose statusCode 403
38 verbose pkgid ng2-starter-webpack
39 verbose cwd /Users/andreasoldino/dev/ws/ng2-starter-webpack
40 error Darwin 15.3.0
41 error argv "/usr/local/bin/node" "/usr/local/bin/npm" "publish"
42 error node v5.1.1
43 error npm  v3.3.12
44 error code E403
45 error "You cannot publish over the previously published version 0.0.9." : ng2-starter-webpack
46 error If you need help, you may report this error at:
46 error     <https://github.com/npm/npm/issues>
47 verbose exit [ 1, true ]
